[Licensing::Module] Trying to connect to existing licensing client channel...
[Licensing::IpcConnector] Successfully connected to: "LicenseClient-Prince Lharrie" at "2025-10-20T19:55:13.8773552Z"
Built from '6000.2/respin/6000.2.7f1-2eb0c79396db' branch; Version is '6000.2.7f2 (2b518236b676) revision 2838914'; Using compiler version '194234433'; Build Type 'Release'
OS: 'Windows 11  (10.0.26100) 64bit Professional' Language: 'en' Physical Memory: 16310 MB
BatchMode: 1, IsHumanControllingUs: 0, StartBugReporterOnCrash: 0, Is64bit: 1
Date: 2025-10-20T19:55:13Z

COMMAND LINE ARGUMENTS:
C:\Program Files\Unity\Hub\Editor\6000.2.7f2\Editor\Unity.exe
-adb2
-batchMode
-noUpm
-name
AssetImportWorker0
-projectPath
C:/Users/Prince Lharrie/Unity projects/Ai Tagging
-logFile
Logs/AssetImportWorker0.log
-srvPort
64330
-job-worker-count
5
-background-job-worker-count
8
-gc-helper-count
1
-name
AssetImport
Successfully changed project path to: C:/Users/Prince Lharrie/Unity projects/Ai Tagging
C:/Users/Prince Lharrie/Unity projects/Ai Tagging
[UnityMemory] Configuration Parameters - Can be set up in boot.config
    "memorysetup-allocator-temp-initial-block-size-main=262144"
    "memorysetup-allocator-temp-initial-block-size-worker=262144"
    "memorysetup-bucket-allocator-granularity=16"
    "memorysetup-bucket-allocator-bucket-count=8"
    "memorysetup-bucket-allocator-block-size=33554432"
    "memorysetup-bucket-allocator-block-count=8"
    "memorysetup-main-allocator-block-size=16777216"
    "memorysetup-thread-allocator-block-size=16777216"
    "memorysetup-gfx-main-allocator-block-size=16777216"
    "memorysetup-gfx-thread-allocator-block-size=16777216"
    "memorysetup-cache-allocator-block-size=4194304"
    "memorysetup-typetree-allocator-block-size=2097152"
    "memorysetup-profiler-bucket-allocator-granularity=16"
    "memorysetup-profiler-bucket-allocator-bucket-count=8"
    "memorysetup-profiler-bucket-allocator-block-size=33554432"
    "memorysetup-profiler-bucket-allocator-block-count=8"
    "memorysetup-profiler-allocator-block-size=16777216"
    "memorysetup-profiler-editor-allocator-block-size=1048576"
    "memorysetup-temp-allocator-size-main=16777216"
    "memorysetup-job-temp-allocator-block-size=2097152"
    "memorysetup-job-temp-allocator-block-size-background=1048576"
    "memorysetup-job-temp-allocator-reduction-small-platforms=262144"
    "memorysetup-temp-allocator-size-background-worker=32768"
    "memorysetup-temp-allocator-size-job-worker=262144"
    "memorysetup-temp-allocator-size-preload-manager=33554432"
    "memorysetup-temp-allocator-size-nav-mesh-worker=65536"
    "memorysetup-temp-allocator-size-audio-worker=65536"
    "memorysetup-temp-allocator-size-cloud-worker=32768"
    "memorysetup-temp-allocator-size-gi-baking-worker=262144"
    "memorysetup-temp-allocator-size-gi-baking-worker=262144"
    "memorysetup-temp-allocator-size-gi-baking-worker=262144"
    "memorysetup-temp-allocator-size-gi-baking-worker=262144"
    "memorysetup-temp-allocator-size-gi-baking-worker=262144"
    "memorysetup-temp-allocator-size-gfx=262144"
Player connection [27520]  Target information:

Player connection [27520]  * "[IP] 192.168.100.102 [Port] 0 [Flags] 2 [Guid] 406507792 [EditorId] 406507792 [Version] 1048832 [Id] WindowsEditor(7,MrBear) [Debug] 1 [PackageName] WindowsEditor [ProjectName] Editor" 

Player connection [27520]  * "[IP] 26.29.213.196 [Port] 0 [Flags] 2 [Guid] 406507792 [EditorId] 406507792 [Version] 1048832 [Id] WindowsEditor(7,MrBear) [Debug] 1 [PackageName] WindowsEditor [ProjectName] Editor" 

Player connection [27520] Host joined multi-casting on [225.0.0.222:54997]...
Player connection [27520] Host joined alternative multi-casting on [225.0.0.222:34997]...
JobSystem: Creating JobQueue using job-worker-count value 5
Input System module state changed to: Initialized.
[Physics::Module] Initialized fallback backend.
[Physics::Module] Id: 0xdecafbad
[Licensing::Client] Code 10 while verifying Licensing Client signature (process Id: 22720, path: "C:/Program Files/Unity Hub/UnityLicensingClient_V1/Unity.Licensing.Client.exe")
[Licensing::Module] LicensingClient has failed validation; ignoring
[Licensing::Client] Handshaking with LicensingClient:
  Version:                 1.17.3+a4e98f1
  Session Id:              a1cfc9e0507645f7bb0b8801eeb6bf3b
  Correlation Id:          4d092ae588d7abbb7fa8cd0747fae99d
  External correlation Id: 8436680914554860762
  Machine Id:              bC5fqghFP/7LDNsECIiOdlHNhQc=
[Licensing::Module] Successfully connected to LicensingClient on channel: "LicenseClient-Prince Lharrie" (connect: 0.00s, validation: 0.00s, handshake: 0.04s)
[Licensing::IpcConnector] Successfully connected to: "LicenseClient-Prince Lharrie-notifications" at "2025-10-20T19:55:13.9228045Z"
[Licensing::Module] Licensing Background thread has ended after 0.05s
Library Redirect Path: Library/
[Physics::Module] Selected backend.
[Physics::Module] Name: PhysX
[Physics::Module] Id: 0xf2b8ea05
[Physics::Module] SDK Version: 4.1.2
[Physics::Module] Integration Version: 1.0.0
[Physics::Module] Threading Mode: Multi-Threaded
Refreshing native plugins compatible for Editor in 2.32 ms, found 3 plugins.
Preloading 0 native plugins for Editor in 0.00 ms.
Initialize engine version: 6000.2.7f2 (2b518236b676)
[Subsystems] Discovering subsystems at path C:/Program Files/Unity/Hub/Editor/6000.2.7f2/Editor/Data/Resources/UnitySubsystems
[Subsystems] Discovering subsystems at path C:/Users/Prince Lharrie/Unity projects/Ai Tagging/Assets
GfxDevice: creating device client; kGfxThreadingModeNonThreaded
Direct3D:
    Version:  Direct3D 11.0 [level 11.1]
    Renderer: AMD  Radeon RX 7800 XT (ID=0x747e)
    Vendor:   ATI
    VRAM:     16368 MB
    Driver:   32.0.21025.10016
Initialize mono
Mono path[0] = 'C:/Program Files/Unity/Hub/Editor/6000.2.7f2/Editor/Data/Managed'
Mono path[1] = 'C:/Program Files/Unity/Hub/Editor/6000.2.7f2/Editor/Data/MonoBleedingEdge/lib/mono/unityjit-win32'
Mono config path = 'C:/Program Files/Unity/Hub/Editor/6000.2.7f2/Editor/Data/MonoBleedingEdge/etc'
Using monoOptions --debugger-agent=transport=dt_socket,embedding=1,server=y,suspend=n,address=127.0.0.1:56528
Begin MonoManager ReloadAssembly
Registering precompiled unity dll's ...
Register platform support module: C:/Program Files/Unity/Hub/Editor/6000.2.7f2/Editor/Data/PlaybackEngines/WindowsStandaloneSupport/UnityEditor.WindowsStandalone.Extensions.dll
Registered in 0.001425 seconds.
- Loaded All Assemblies, in  0.323 seconds
Native extension for WindowsStandalone target not found
Mono: successfully reloaded assembly
- Finished resetting the current domain, in  0.303 seconds
Domain Reload Profiling: 624ms
	BeginReloadAssembly (109ms)
		ExecutionOrderSort (0ms)
		DisableScriptedObjects (0ms)
		BackupInstance (0ms)
		ReleaseScriptingObjects (0ms)
		CreateAndSetChildDomain (1ms)
	RebuildCommonClasses (31ms)
	RebuildNativeTypeToScriptingClass (10ms)
	initialDomainReloadingComplete (41ms)
	LoadAllAssembliesAndSetupDomain (130ms)
		LoadAssemblies (106ms)
		RebuildTransferFunctionScriptingTraits (0ms)
		AnalyzeDomain (128ms)
			TypeCache.Refresh (126ms)
				TypeCache.ScanAssembly (116ms)
			BuildScriptInfoCaches (0ms)
			ResolveRequiredComponents (0ms)
	FinalizeReload (303ms)
		ReleaseScriptCaches (0ms)
		RebuildScriptCaches (0ms)
		SetupLoadedEditorAssemblies (263ms)
			LogAssemblyErrors (0ms)
			InitializePlatformSupportModulesInManaged (38ms)
			SetLoadedEditorAssemblies (3ms)
			BeforeProcessingInitializeOnLoad (62ms)
			ProcessInitializeOnLoadAttributes (114ms)
			ProcessInitializeOnLoadMethodAttributes (46ms)
			AfterProcessingInitializeOnLoad (0ms)
			EditorAssembliesLoaded (0ms)
		ExecutionOrderSort2 (0ms)
		AwakeInstancesAfterBackupRestoration (0ms)
========================================================================
Worker process is ready to serve import requests
Import Worker Mode flag is 0x00
Begin MonoManager ReloadAssembly
[Licensing::Client] Successfully resolved entitlement details
[Licensing::Module] License group:
  Id: 18967739107477-UnityPersXXXX
  Product: Unity Personal
  Type: Assigned
  Expiration: Unlimited
- Loaded All Assemblies, in  0.661 seconds
Refreshing native plugins compatible for Editor in 1.04 ms, found 3 plugins.
Native extension for WindowsStandalone target not found
Package Manager log level set to [2]
[Package Manager] Failed to launch server process. Reason: Unity was launched with the -noUpm command-line argument
[Package Manager] Unable to send message (not connected to server process).
[Package Manager] Cannot connect to Unity Package Manager local server
Mono: successfully reloaded assembly
- Finished resetting the current domain, in  0.638 seconds
Domain Reload Profiling: 1296ms
	BeginReloadAssembly (159ms)
		ExecutionOrderSort (0ms)
		DisableScriptedObjects (5ms)
		BackupInstance (0ms)
		ReleaseScriptingObjects (0ms)
		CreateAndSetChildDomain (29ms)
	RebuildCommonClasses (31ms)
	RebuildNativeTypeToScriptingClass (10ms)
	initialDomainReloadingComplete (34ms)
	LoadAllAssembliesAndSetupDomain (424ms)
		LoadAssemblies (299ms)
		RebuildTransferFunctionScriptingTraits (0ms)
		AnalyzeDomain (210ms)
			TypeCache.Refresh (152ms)
				TypeCache.ScanAssembly (139ms)
			BuildScriptInfoCaches (45ms)
			ResolveRequiredComponents (9ms)
	FinalizeReload (639ms)
		ReleaseScriptCaches (0ms)
		RebuildScriptCaches (0ms)
		SetupLoadedEditorAssemblies (464ms)
			LogAssemblyErrors (0ms)
			InitializePlatformSupportModulesInManaged (1ms)
			SetLoadedEditorAssemblies (4ms)
			BeforeProcessingInitializeOnLoad (111ms)
			ProcessInitializeOnLoadAttributes (297ms)
			ProcessInitializeOnLoadMethodAttributes (44ms)
			AfterProcessingInitializeOnLoad (6ms)
			EditorAssembliesLoaded (0ms)
		ExecutionOrderSort2 (0ms)
		AwakeInstancesAfterBackupRestoration (6ms)
Launched and connected shader compiler UnityShaderCompiler.exe after 0.02 seconds
Refreshing native plugins compatible for Editor in 1.07 ms, found 3 plugins.
Preloading 0 native plugins for Editor in 0.00 ms.
Unloading 13 Unused Serialized files (Serialized files now loaded: 0)
Unloading 6144 unused Assets / (5.0 MB). Loaded Objects now: 6840.
Memory consumption went from 133.2 MB to 128.2 MB.
Total: 7.832300 ms (FindLiveObjects: 0.739300 ms CreateObjectMapping: 0.342300 ms MarkObjects: 4.710600 ms  DeleteObjects: 2.039200 ms)

========================================================================
Received Import Request.
  Time since last request: 18874.836034 seconds.
  path: Assets
  artifactKey: Guid(00000000000000001000000000000000) Importer(815301076,1909f56bfc062723c751e8b465ee728b)
Start importing Assets using Guid(00000000000000001000000000000000) Importer(815301076,1909f56bfc062723c751e8b465ee728b) (PreviewImporter) -> (artifact id: 'c391582d739b6e62a5220f35cbb167ac') in 0.0049422 seconds
Number of updated asset objects reloaded before import = 0Number of asset objects unloaded after import = 0

========================================================================
Received Import Request.
  Time since last request: 0.918335 seconds.
  path: Assets/InputSystem_Actions.inputactions
  artifactKey: Guid(052faaac586de48259a63d0c4782560b) Importer(2089858483,192608db42251d675da83286b1cce702)
Start importing Assets/InputSystem_Actions.inputactions using Guid(052faaac586de48259a63d0c4782560b) Importer(2089858483,192608db42251d675da83286b1cce702) (ScriptedImporter) -> (artifact id: '0c20329bc1874e93222206e43fb8f229') in 0.3554805 seconds
Number of updated asset objects reloaded before import = 0Number of asset objects unloaded after import = 22

========================================================================
Received Import Request.
  Time since last request: 0.000022 seconds.
  path: Assets/Samples/AI Navigation/2.0.9/Build And Connect NavMesh Surfaces/Scripts/DungeonManager.cs
  artifactKey: Guid(c56d911659e3c4b499e11b47a73a4dbb) Importer(2089858483,192608db42251d675da83286b1cce702)
Start importing Assets/Samples/AI Navigation/2.0.9/Build And Connect NavMesh Surfaces/Scripts/DungeonManager.cs using Guid(c56d911659e3c4b499e11b47a73a4dbb) Importer(2089858483,192608db42251d675da83286b1cce702) (ScriptedImporter) -> (artifact id: 'a5fec6bc64e1a59627ed20e5863afc2d') in 0.0135881 seconds
Number of updated asset objects reloaded before import = 0Number of asset objects unloaded after import = 0

========================================================================
Received Import Request.
  Time since last request: 0.000025 seconds.
  path: Assets/Samples/AI Navigation/2.0.9/Build And Connect NavMesh Surfaces/Scenes/7_dungeon/NavMesh-Tile4.asset
  artifactKey: Guid(deca9b2aea9dcf34f9a1d77d550c33fb) Importer(2089858483,192608db42251d675da83286b1cce702)
Start importing Assets/Samples/AI Navigation/2.0.9/Build And Connect NavMesh Surfaces/Scenes/7_dungeon/NavMesh-Tile4.asset using Guid(deca9b2aea9dcf34f9a1d77d550c33fb) Importer(2089858483,192608db42251d675da83286b1cce702) (ScriptedImporter) -> (artifact id: 'b4ac03224c8eeb82626f14f85bc2b88c') in 0.0064541 seconds
Number of updated asset objects reloaded before import = 0Number of asset objects unloaded after import = 1

========================================================================
Received Import Request.
  Time since last request: 0.000019 seconds.
  path: Assets/Samples/AI Navigation/2.0.9/Build And Connect NavMesh Surfaces/Scenes/7_dungeon.unity
  artifactKey: Guid(64e67ca20d18848429dd567d351e9746) Importer(2089858483,192608db42251d675da83286b1cce702)
Start importing Assets/Samples/AI Navigation/2.0.9/Build And Connect NavMesh Surfaces/Scenes/7_dungeon.unity using Guid(64e67ca20d18848429dd567d351e9746) Importer(2089858483,192608db42251d675da83286b1cce702) (ScriptedImporter) -> (artifact id: 'c6ec06d9739b0c036931605845854731') in 0.0054925 seconds
Number of updated asset objects reloaded before import = 0Number of asset objects unloaded after import = 1

========================================================================
Received Import Request.
  Time since last request: 0.000021 seconds.
  path: Assets/Samples/AI Navigation/2.0.9/Build And Connect NavMesh Surfaces/Prefabs/DungeonTiles/Tile4.prefab
  artifactKey: Guid(5193382618d54f84b87649b2fbadbb0b) Importer(2089858483,192608db42251d675da83286b1cce702)
Start importing Assets/Samples/AI Navigation/2.0.9/Build And Connect NavMesh Surfaces/Prefabs/DungeonTiles/Tile4.prefab using Guid(5193382618d54f84b87649b2fbadbb0b) Importer(2089858483,192608db42251d675da83286b1cce702) (ScriptedImporter) -> (artifact id: '48e97b368d26cbf937f4c605da6c63f7') in 0.0226842 seconds
Number of updated asset objects reloaded before import = 0Number of asset objects unloaded after import = 29

========================================================================
Received Import Request.
  Time since last request: 0.000018 seconds.
  path: Assets/Samples/AI Navigation/2.0.9/Build And Connect NavMesh Surfaces/Scenes/7_dungeon/NavMesh-Tile8.asset
  artifactKey: Guid(e9fa3b298750441429f9249799e60701) Importer(2089858483,192608db42251d675da83286b1cce702)
Start importing Assets/Samples/AI Navigation/2.0.9/Build And Connect NavMesh Surfaces/Scenes/7_dungeon/NavMesh-Tile8.asset using Guid(e9fa3b298750441429f9249799e60701) Importer(2089858483,192608db42251d675da83286b1cce702) (ScriptedImporter) -> (artifact id: '9ce8b7290d77359a26b67e70daeffdf4') in 0.0052877 seconds
Number of updated asset objects reloaded before import = 0Number of asset objects unloaded after import = 1

========================================================================
Received Import Request.
  Time since last request: 0.000016 seconds.
  path: Assets/Samples/AI Navigation/2.0.9/Build And Connect NavMesh Surfaces/Scenes/8_heightmesh/NavMesh-With-HeightMesh.asset
  artifactKey: Guid(62212e6c53e70d94e9f7b80631b978d6) Importer(2089858483,192608db42251d675da83286b1cce702)
Start importing Assets/Samples/AI Navigation/2.0.9/Build And Connect NavMesh Surfaces/Scenes/8_heightmesh/NavMesh-With-HeightMesh.asset using Guid(62212e6c53e70d94e9f7b80631b978d6) Importer(2089858483,192608db42251d675da83286b1cce702) (ScriptedImporter) -> (artifact id: '6296fc64edd52d5bf97ebbbb3444442e') in 0.0043048 seconds
Number of updated asset objects reloaded before import = 0Number of asset objects unloaded after import = 1

========================================================================
Received Import Request.
  Time since last request: 0.000022 seconds.
  path: Assets/Samples/AI Navigation/2.0.9/Build And Connect NavMesh Surfaces/Scenes/7_dungeon/NavMesh-Tile9.asset
  artifactKey: Guid(88df1f2e29017c94da2ea377c6a695f9) Importer(2089858483,192608db42251d675da83286b1cce702)
Start importing Assets/Samples/AI Navigation/2.0.9/Build And Connect NavMesh Surfaces/Scenes/7_dungeon/NavMesh-Tile9.asset using Guid(88df1f2e29017c94da2ea377c6a695f9) Importer(2089858483,192608db42251d675da83286b1cce702) (ScriptedImporter) -> (artifact id: '61866ad4287b5c95f106440cca7aec5f') in 0.0074446 seconds
Number of updated asset objects reloaded before import = 0Number of asset objects unloaded after import = 1

========================================================================
Received Import Request.
  Time since last request: 0.000029 seconds.
  path: Assets/Settings/PC_RPAsset.asset
  artifactKey: Guid(4b83569d67af61e458304325a23e5dfd) Importer(2089858483,192608db42251d675da83286b1cce702)
Start importing Assets/Settings/PC_RPAsset.asset using Guid(4b83569d67af61e458304325a23e5dfd) Importer(2089858483,192608db42251d675da83286b1cce702) (ScriptedImporter) -> (artifact id: 'f71a5438bebbe53a87e9b4bb2f9b39c4') in 0.0381932 seconds
Number of updated asset objects reloaded before import = 0Number of asset objects unloaded after import = 1

========================================================================
Received Import Request.
  Time since last request: 0.000013 seconds.
  path: Assets/Samples/AI Navigation/2.0.9/Build And Connect NavMesh Surfaces/Prefabs/DungeonTiles/Tile2.prefab
  artifactKey: Guid(34a33b6f5666ab64dbf8eaed73dbc677) Importer(2089858483,192608db42251d675da83286b1cce702)
Start importing Assets/Samples/AI Navigation/2.0.9/Build And Connect NavMesh Surfaces/Prefabs/DungeonTiles/Tile2.prefab using Guid(34a33b6f5666ab64dbf8eaed73dbc677) Importer(2089858483,192608db42251d675da83286b1cce702) (ScriptedImporter) -> (artifact id: '228ef2e99fa00872e75fcfbdffb3606a') in 0.0061255 seconds
Number of updated asset objects reloaded before import = 0Number of asset objects unloaded after import = 29

========================================================================
Received Import Request.
  Time since last request: 0.000017 seconds.
  path: Assets/Samples/AI Navigation/2.0.9/Build And Connect NavMesh Surfaces/Materials/red.mat
  artifactKey: Guid(5195427c0d27644ed90d87ebe86d468a) Importer(2089858483,192608db42251d675da83286b1cce702)
Start importing Assets/Samples/AI Navigation/2.0.9/Build And Connect NavMesh Surfaces/Materials/red.mat using Guid(5195427c0d27644ed90d87ebe86d468a) Importer(2089858483,192608db42251d675da83286b1cce702) (ScriptedImporter) -> (artifact id: '5df25c14582df29cd8e2638b76f7a834') in 0.1851518 seconds
Number of updated asset objects reloaded before import = 0Number of asset objects unloaded after import = 6

========================================================================
Received Import Request.
  Time since last request: 0.000025 seconds.
  path: Assets/Scenes/SampleScene/NavMesh-NavMesh Surface.asset
  artifactKey: Guid(70f4c88aa9949bf4f9b25e3390c37bf6) Importer(2089858483,192608db42251d675da83286b1cce702)
Start importing Assets/Scenes/SampleScene/NavMesh-NavMesh Surface.asset using Guid(70f4c88aa9949bf4f9b25e3390c37bf6) Importer(2089858483,192608db42251d675da83286b1cce702) (ScriptedImporter) -> (artifact id: 'ccc6540327b3c83b99353a066516942a') in 0.0060418 seconds
Number of updated asset objects reloaded before import = 0Number of asset objects unloaded after import = 1

========================================================================
Received Import Request.
  Time since last request: 0.000024 seconds.
  path: Assets/Samples/AI Navigation/2.0.9/Build And Connect NavMesh Surfaces/Scripts/ProjectSettingsUtilities/Editor/NavigationSampleSettingsState.cs
  artifactKey: Guid(299341368f0a4ce5beba0c07f7bb5bbb) Importer(2089858483,192608db42251d675da83286b1cce702)
Start importing Assets/Samples/AI Navigation/2.0.9/Build And Connect NavMesh Surfaces/Scripts/ProjectSettingsUtilities/Editor/NavigationSampleSettingsState.cs using Guid(299341368f0a4ce5beba0c07f7bb5bbb) Importer(2089858483,192608db42251d675da83286b1cce702) (ScriptedImporter) -> (artifact id: 'c8f4d75ba6201371feffe39d8149bd04') in 0.0032461 seconds
Number of updated asset objects reloaded before import = 0Number of asset objects unloaded after import = 0

========================================================================
Received Import Request.
  Time since last request: 0.000016 seconds.
  path: Assets/Samples/AI Navigation/2.0.9/Build And Connect NavMesh Surfaces/Materials/grey.mat
  artifactKey: Guid(ade8fca681f724cd89b5a568642f15ae) Importer(2089858483,192608db42251d675da83286b1cce702)
Start importing Assets/Samples/AI Navigation/2.0.9/Build And Connect NavMesh Surfaces/Materials/grey.mat using Guid(ade8fca681f724cd89b5a568642f15ae) Importer(2089858483,192608db42251d675da83286b1cce702) (ScriptedImporter) -> (artifact id: 'd3203bdf55820b6bc768831f90eaa9d1') in 0.0049362 seconds
Number of updated asset objects reloaded before import = 0Number of asset objects unloaded after import = 6

========================================================================
Received Import Request.
  Time since last request: 0.000018 seconds.
  path: Assets/Samples/AI Navigation/2.0.9/Build And Connect NavMesh Surfaces/Materials/white.mat
  artifactKey: Guid(273c06224a76f40e6ade52a266675ce2) Importer(2089858483,192608db42251d675da83286b1cce702)
Start importing Assets/Samples/AI Navigation/2.0.9/Build And Connect NavMesh Surfaces/Materials/white.mat using Guid(273c06224a76f40e6ade52a266675ce2) Importer(2089858483,192608db42251d675da83286b1cce702) (ScriptedImporter) -> (artifact id: 'b24fb802f693030d9336d2050fe6b03f') in 0.0050895 seconds
Number of updated asset objects reloaded before import = 0Number of asset objects unloaded after import = 6

========================================================================
Received Import Request.
  Time since last request: 0.000014 seconds.
  path: Assets/Samples/AI Navigation/2.0.9/Build And Connect NavMesh Surfaces/Prefabs/DungeonTiles/Tile8.prefab
  artifactKey: Guid(1e66d2a3cc6511a49b71e7f6589a1d82) Importer(2089858483,192608db42251d675da83286b1cce702)
Start importing Assets/Samples/AI Navigation/2.0.9/Build And Connect NavMesh Surfaces/Prefabs/DungeonTiles/Tile8.prefab using Guid(1e66d2a3cc6511a49b71e7f6589a1d82) Importer(2089858483,192608db42251d675da83286b1cce702) (ScriptedImporter) -> (artifact id: '894e618c8842f6a5c307136663e37c1c') in 0.0060066 seconds
Number of updated asset objects reloaded before import = 0Number of asset objects unloaded after import = 29

========================================================================
Received Import Request.
  Time since last request: 0.000017 seconds.
  path: Assets/Samples/AI Navigation/2.0.9/Build And Connect NavMesh Surfaces/Materials/yellow.mat
  artifactKey: Guid(c07befab8ca1540368e662cfe2fddf6b) Importer(2089858483,192608db42251d675da83286b1cce702)
Start importing Assets/Samples/AI Navigation/2.0.9/Build And Connect NavMesh Surfaces/Materials/yellow.mat using Guid(c07befab8ca1540368e662cfe2fddf6b) Importer(2089858483,192608db42251d675da83286b1cce702) (ScriptedImporter) -> (artifact id: 'a60ed255fdb3bc18c0035b2594f1a47f') in 0.0066778 seconds
Number of updated asset objects reloaded before import = 0Number of asset objects unloaded after import = 6

========================================================================
Received Import Request.
  Time since last request: 0.000017 seconds.
  path: Assets/Samples/AI Navigation/2.0.9/Build And Connect NavMesh Surfaces/Prefabs/DungeonTiles/Tile5.prefab
  artifactKey: Guid(55df5bb05b3629b44ac9536db6727e7e) Importer(2089858483,192608db42251d675da83286b1cce702)
Start importing Assets/Samples/AI Navigation/2.0.9/Build And Connect NavMesh Surfaces/Prefabs/DungeonTiles/Tile5.prefab using Guid(55df5bb05b3629b44ac9536db6727e7e) Importer(2089858483,192608db42251d675da83286b1cce702) (ScriptedImporter) -> (artifact id: '1c5e5ec893ad668c2ececc56b184e4fb') in 0.0059147 seconds
Number of updated asset objects reloaded before import = 0Number of asset objects unloaded after import = 27

========================================================================
Received Import Request.
  Time since last request: 0.000028 seconds.
  path: Assets/Samples/AI Navigation/2.0.9/Build And Connect NavMesh Surfaces/Materials/crosshair.mat
  artifactKey: Guid(6f20074b5ffb143d2a869e4cc78d9d5e) Importer(2089858483,192608db42251d675da83286b1cce702)
Start importing Assets/Samples/AI Navigation/2.0.9/Build And Connect NavMesh Surfaces/Materials/crosshair.mat using Guid(6f20074b5ffb143d2a869e4cc78d9d5e) Importer(2089858483,192608db42251d675da83286b1cce702) (ScriptedImporter) -> (artifact id: '61baad66a80616dcb983081349f73c50') in 0.0274959 seconds
Number of updated asset objects reloaded before import = 0Number of asset objects unloaded after import = 2

========================================================================
Received Import Request.
  Time since last request: 0.000021 seconds.
  path: Assets/Samples/AI Navigation/2.0.9/Build And Connect NavMesh Surfaces/Scenes/7_dungeon/NavMesh-Tile3.asset
  artifactKey: Guid(3d0f05ef2ffa5684c98666f976f85d28) Importer(2089858483,192608db42251d675da83286b1cce702)
Start importing Assets/Samples/AI Navigation/2.0.9/Build And Connect NavMesh Surfaces/Scenes/7_dungeon/NavMesh-Tile3.asset using Guid(3d0f05ef2ffa5684c98666f976f85d28) Importer(2089858483,192608db42251d675da83286b1cce702) (ScriptedImporter) -> (artifact id: 'f581188e10efcdb9dafc83491ffb3be7') in 0.0053833 seconds
Number of updated asset objects reloaded before import = 0Number of asset objects unloaded after import = 1

========================================================================
Received Import Request.
  Time since last request: 0.000013 seconds.
  path: Assets/Samples/AI Navigation/2.0.9/Build And Connect NavMesh Surfaces/Scenes/7_dungeon/NavMesh-Tile13.asset
  artifactKey: Guid(d2a64f951cb69b34098642a9f71840d6) Importer(2089858483,192608db42251d675da83286b1cce702)
Start importing Assets/Samples/AI Navigation/2.0.9/Build And Connect NavMesh Surfaces/Scenes/7_dungeon/NavMesh-Tile13.asset using Guid(d2a64f951cb69b34098642a9f71840d6) Importer(2089858483,192608db42251d675da83286b1cce702) (ScriptedImporter) -> (artifact id: 'b7c386f3dcd3ee8bbe42c5d954b72d5b') in 0.0045652 seconds
Number of updated asset objects reloaded before import = 0Number of asset objects unloaded after import = 1

========================================================================
Received Import Request.
  Time since last request: 0.000014 seconds.
  path: Assets/Samples/AI Navigation/2.0.9/Build And Connect NavMesh Surfaces/Scenes/7_dungeon/NavMesh-Tile12.asset
  artifactKey: Guid(2553a2b38a1b9bd49996ce66432c7d56) Importer(2089858483,192608db42251d675da83286b1cce702)
Start importing Assets/Samples/AI Navigation/2.0.9/Build And Connect NavMesh Surfaces/Scenes/7_dungeon/NavMesh-Tile12.asset using Guid(2553a2b38a1b9bd49996ce66432c7d56) Importer(2089858483,192608db42251d675da83286b1cce702) (ScriptedImporter) -> (artifact id: '8b834e96f04e18ce400ffc2a8a827c65') in 0.0047296 seconds
Number of updated asset objects reloaded before import = 0Number of asset objects unloaded after import = 1

========================================================================
Received Import Request.
  Time since last request: 0.000016 seconds.
  path: Assets/Samples/AI Navigation/2.0.9/Build And Connect NavMesh Surfaces/Prefabs/DungeonTiles/Tile1.prefab
  artifactKey: Guid(eac302f53f4e5ea4daf5babd66e7a1bb) Importer(2089858483,192608db42251d675da83286b1cce702)
Start importing Assets/Samples/AI Navigation/2.0.9/Build And Connect NavMesh Surfaces/Prefabs/DungeonTiles/Tile1.prefab using Guid(eac302f53f4e5ea4daf5babd66e7a1bb) Importer(2089858483,192608db42251d675da83286b1cce702) (ScriptedImporter) -> (artifact id: '6a8c47489dbbfe9e66f1d9d6640cfb8f') in 0.0068781 seconds
Number of updated asset objects reloaded before import = 0Number of asset objects unloaded after import = 29

========================================================================
Received Import Request.
  Time since last request: 0.000018 seconds.
  path: Assets/Samples/AI Navigation/2.0.9/Build And Connect NavMesh Surfaces/Scripts/RandomWalk.cs
  artifactKey: Guid(dd76b8ee2dbcf4be6998e917c65cd6ed) Importer(2089858483,192608db42251d675da83286b1cce702)
Start importing Assets/Samples/AI Navigation/2.0.9/Build And Connect NavMesh Surfaces/Scripts/RandomWalk.cs using Guid(dd76b8ee2dbcf4be6998e917c65cd6ed) Importer(2089858483,192608db42251d675da83286b1cce702) (ScriptedImporter) -> (artifact id: 'f5d30bd94567af79e721bf422d4b48ab') in 0.0039442 seconds
Number of updated asset objects reloaded before import = 0Number of asset objects unloaded after import = 0

========================================================================
Received Import Request.
  Time since last request: 0.000026 seconds.
  path: Assets/Settings/UniversalRenderPipelineGlobalSettings.asset
  artifactKey: Guid(18dc0cd2c080841dea60987a38ce93fa) Importer(2089858483,192608db42251d675da83286b1cce702)
Start importing Assets/Settings/UniversalRenderPipelineGlobalSettings.asset using Guid(18dc0cd2c080841dea60987a38ce93fa) Importer(2089858483,192608db42251d675da83286b1cce702) (ScriptedImporter) -> (artifact id: '2e7bb8ca0743a8c606fd834a6f414a1c') in 0.061973 seconds
Number of updated asset objects reloaded before import = 0Number of asset objects unloaded after import = 0

========================================================================
Received Import Request.
  Time since last request: 0.000021 seconds.
  path: Assets/Samples/AI Navigation/2.0.9/Build And Connect NavMesh Surfaces/Scripts/AgentSpeedController.cs
  artifactKey: Guid(79e6dc1d690a648e783ea8233ef9c804) Importer(2089858483,192608db42251d675da83286b1cce702)
Start importing Assets/Samples/AI Navigation/2.0.9/Build And Connect NavMesh Surfaces/Scripts/AgentSpeedController.cs using Guid(79e6dc1d690a648e783ea8233ef9c804) Importer(2089858483,192608db42251d675da83286b1cce702) (ScriptedImporter) -> (artifact id: 'cd7eb718f13c46378237144c88d968e1') in 0.0036181 seconds
Number of updated asset objects reloaded before import = 0Number of asset objects unloaded after import = 0

========================================================================
Received Import Request.
  Time since last request: 0.000016 seconds.
  path: Assets/Samples/AI Navigation/2.0.9/Build And Connect NavMesh Surfaces/Unity.AI.Navigation.Samples.asmdef
  artifactKey: Guid(62b574997e92efd41a8a1109157a0cb5) Importer(2089858483,192608db42251d675da83286b1cce702)
Start importing Assets/Samples/AI Navigation/2.0.9/Build And Connect NavMesh Surfaces/Unity.AI.Navigation.Samples.asmdef using Guid(62b574997e92efd41a8a1109157a0cb5) Importer(2089858483,192608db42251d675da83286b1cce702) (ScriptedImporter) -> (artifact id: '7ad7f733f64ddae875524ec0cb574f35') in 0.0045291 seconds
Number of updated asset objects reloaded before import = 0Number of asset objects unloaded after import = 1

========================================================================
Received Import Request.
  Time since last request: 0.000015 seconds.
  path: Assets/Samples/AI Navigation/2.0.9/Build And Connect NavMesh Surfaces/Scenes/7_dungeon/NavMesh-Tile5.asset
  artifactKey: Guid(b120c0c77747600448c3119bc7d76dc6) Importer(2089858483,192608db42251d675da83286b1cce702)
Start importing Assets/Samples/AI Navigation/2.0.9/Build And Connect NavMesh Surfaces/Scenes/7_dungeon/NavMesh-Tile5.asset using Guid(b120c0c77747600448c3119bc7d76dc6) Importer(2089858483,192608db42251d675da83286b1cce702) (ScriptedImporter) -> (artifact id: 'd869e8f9b8108afffa26683e822e1344') in 0.0059036 seconds
Number of updated asset objects reloaded before import = 0Number of asset objects unloaded after import = 1

========================================================================
Received Import Request.
  Time since last request: 0.000033 seconds.
  path: Assets/Samples/AI Navigation/2.0.9/Build And Connect NavMesh Surfaces/Scenes/5_sliding_window_terrain.unity
  artifactKey: Guid(6c20ed45d4ebd40df8a16fa95e142c57) Importer(2089858483,192608db42251d675da83286b1cce702)
Start importing Assets/Samples/AI Navigation/2.0.9/Build And Connect NavMesh Surfaces/Scenes/5_sliding_window_terrain.unity using Guid(6c20ed45d4ebd40df8a16fa95e142c57) Importer(2089858483,192608db42251d675da83286b1cce702) (ScriptedImporter) -> (artifact id: '57e1e817967a0c04e2fc2a245ac6208f') in 0.0060088 seconds
Number of updated asset objects reloaded before import = 0Number of asset objects unloaded after import = 1

========================================================================
Received Import Request.
  Time since last request: 0.000029 seconds.
  path: Assets/Samples/AI Navigation/2.0.9/Build And Connect NavMesh Surfaces/NavigationSampleSettingsState.asset
  artifactKey: Guid(609d2182df172eb43b6b754cc6dcabd2) Importer(2089858483,192608db42251d675da83286b1cce702)
Start importing Assets/Samples/AI Navigation/2.0.9/Build And Connect NavMesh Surfaces/NavigationSampleSettingsState.asset using Guid(609d2182df172eb43b6b754cc6dcabd2) Importer(2089858483,192608db42251d675da83286b1cce702) (ScriptedImporter) -> (artifact id: '981caad30149f5492a56808de8403575') in 0.0054561 seconds
Number of updated asset objects reloaded before import = 0Number of asset objects unloaded after import = 1

========================================================================
Received Import Request.
  Time since last request: 0.000020 seconds.
  path: Assets/Samples/AI Navigation/2.0.9/Build And Connect NavMesh Surfaces/Prefabs/BanyanTree.fbx
  artifactKey: Guid(0015d5d487e6b4c51b6be43a47511ed9) Importer(2089858483,192608db42251d675da83286b1cce702)
Start importing Assets/Samples/AI Navigation/2.0.9/Build And Connect NavMesh Surfaces/Prefabs/BanyanTree.fbx using Guid(0015d5d487e6b4c51b6be43a47511ed9) Importer(2089858483,192608db42251d675da83286b1cce702) (ScriptedImporter) -> (artifact id: '62e91d039ce4f7a31988a1ed3edab52c') in 0.0425648 seconds
Number of updated asset objects reloaded before import = 0Number of asset objects unloaded after import = 11

========================================================================
Received Import Request.
  Time since last request: 0.000024 seconds.
  path: Assets/Samples/AI Navigation/2.0.9/Build And Connect NavMesh Surfaces/Scenes/2_drop_plankSettings.lighting
  artifactKey: Guid(664b2478265387d46840f86ebcaaaaf9) Importer(2089858483,192608db42251d675da83286b1cce702)
Start importing Assets/Samples/AI Navigation/2.0.9/Build And Connect NavMesh Surfaces/Scenes/2_drop_plankSettings.lighting using Guid(664b2478265387d46840f86ebcaaaaf9) Importer(2089858483,192608db42251d675da83286b1cce702) (ScriptedImporter) -> (artifact id: '379fbd86928c4421e604e9da25563369') in 0.0094619 seconds
Number of updated asset objects reloaded before import = 0Number of asset objects unloaded after import = 1

========================================================================
Received Import Request.
  Time since last request: 0.000015 seconds.
  path: Assets/Samples/AI Navigation/2.0.9/Build And Connect NavMesh Surfaces/Prefabs/Materials/BanyanBark.mat
  artifactKey: Guid(4013ffb83471c44a99ae39dd19f4bb58) Importer(2089858483,192608db42251d675da83286b1cce702)
Start importing Assets/Samples/AI Navigation/2.0.9/Build And Connect NavMesh Surfaces/Prefabs/Materials/BanyanBark.mat using Guid(4013ffb83471c44a99ae39dd19f4bb58) Importer(2089858483,192608db42251d675da83286b1cce702) (ScriptedImporter) -> (artifact id: '96d3f0bb4f475bbd40c6a98a60a48916') in 0.0061112 seconds
Number of updated asset objects reloaded before import = 0Number of asset objects unloaded after import = 6

========================================================================
Received Import Request.
  Time since last request: 0.000016 seconds.
  path: Assets/TutorialInfo/Layout.wlt
  artifactKey: Guid(eabc9546105bf4accac1fd62a63e88e6) Importer(2089858483,192608db42251d675da83286b1cce702)
Start importing Assets/TutorialInfo/Layout.wlt using Guid(eabc9546105bf4accac1fd62a63e88e6) Importer(2089858483,192608db42251d675da83286b1cce702) (ScriptedImporter) -> (artifact id: '124a5610a90838ddefe044a49a93acea') in 0.002824 seconds
Number of updated asset objects reloaded before import = 0Number of asset objects unloaded after import = 1

========================================================================
Received Import Request.
  Time since last request: 0.000022 seconds.
  path: Assets/Samples/AI Navigation/2.0.9/Build And Connect NavMesh Surfaces/Scripts/Despawner.cs
  artifactKey: Guid(d3be0b2e79a40424c88b51776d94b8a5) Importer(2089858483,192608db42251d675da83286b1cce702)
Start importing Assets/Samples/AI Navigation/2.0.9/Build And Connect NavMesh Surfaces/Scripts/Despawner.cs using Guid(d3be0b2e79a40424c88b51776d94b8a5) Importer(2089858483,192608db42251d675da83286b1cce702) (ScriptedImporter) -> (artifact id: '5a784dc21778b34fda24c186ad7acf68') in 0.0033702 seconds
Number of updated asset objects reloaded before import = 0Number of asset objects unloaded after import = 0

========================================================================
Received Import Request.
  Time since last request: 0.000017 seconds.
  path: Assets/Samples/AI Navigation/2.0.9/Build And Connect NavMesh Surfaces/Scripts/NavMeshSurfaceVolumeUpdater.cs
  artifactKey: Guid(115dfe7b0938447cbbf9507076f54049) Importer(2089858483,192608db42251d675da83286b1cce702)
Start importing Assets/Samples/AI Navigation/2.0.9/Build And Connect NavMesh Surfaces/Scripts/NavMeshSurfaceVolumeUpdater.cs using Guid(115dfe7b0938447cbbf9507076f54049) Importer(2089858483,192608db42251d675da83286b1cce702) (ScriptedImporter) -> (artifact id: '9b8076f497138dc134cc91a65ce362cf') in 0.0065092 seconds
Number of updated asset objects reloaded before import = 0Number of asset objects unloaded after import = 0

========================================================================
Received Import Request.
  Time since last request: 0.000013 seconds.
  path: Assets/Samples/AI Navigation/2.0.9/Build And Connect NavMesh Surfaces/Scenes/1_multiple_agent_sizes/NavMesh-Geometry.asset
  artifactKey: Guid(16f366ac098d14128924f8cb99c76613) Importer(2089858483,192608db42251d675da83286b1cce702)
Start importing Assets/Samples/AI Navigation/2.0.9/Build And Connect NavMesh Surfaces/Scenes/1_multiple_agent_sizes/NavMesh-Geometry.asset using Guid(16f366ac098d14128924f8cb99c76613) Importer(2089858483,192608db42251d675da83286b1cce702) (ScriptedImporter) -> (artifact id: '694d68df9badcd8d405d427e60b91717') in 0.0049503 seconds
Number of updated asset objects reloaded before import = 0Number of asset objects unloaded after import = 1

========================================================================
Received Import Request.
  Time since last request: 0.000013 seconds.
  path: Assets/Samples/AI Navigation/2.0.9/Build And Connect NavMesh Surfaces/Scripts/EnableIffSleeping.cs
  artifactKey: Guid(c56046daca8eb46f3af030c05f030e37) Importer(2089858483,192608db42251d675da83286b1cce702)
Start importing Assets/Samples/AI Navigation/2.0.9/Build And Connect NavMesh Surfaces/Scripts/EnableIffSleeping.cs using Guid(c56046daca8eb46f3af030c05f030e37) Importer(2089858483,192608db42251d675da83286b1cce702) (ScriptedImporter) -> (artifact id: '5116655d805b80957f087f872ca0c5b4') in 0.0051968 seconds
Number of updated asset objects reloaded before import = 0Number of asset objects unloaded after import = 0

========================================================================
Received Import Request.
  Time since last request: 0.000014 seconds.
  path: Assets/Samples/AI Navigation/2.0.9/Build And Connect NavMesh Surfaces/Scripts/RandomInstancing.cs
  artifactKey: Guid(0805752a20e62489680c7c8ba929bccc) Importer(2089858483,192608db42251d675da83286b1cce702)
Start importing Assets/Samples/AI Navigation/2.0.9/Build And Connect NavMesh Surfaces/Scripts/RandomInstancing.cs using Guid(0805752a20e62489680c7c8ba929bccc) Importer(2089858483,192608db42251d675da83286b1cce702) (ScriptedImporter) -> (artifact id: '9fc231b18ca2cac339ac5a6c5c861606') in 0.0036886 seconds
Number of updated asset objects reloaded before import = 0Number of asset objects unloaded after import = 0

========================================================================
Received Import Request.
  Time since last request: 0.000022 seconds.
  path: Assets/Samples/AI Navigation/2.0.9/Build And Connect NavMesh Surfaces/Scripts/ProjectSettingsUtilities/NavigationSampleInitializer.cs
  artifactKey: Guid(4b4f798af8320134f8549651d7ea621a) Importer(2089858483,192608db42251d675da83286b1cce702)
Start importing Assets/Samples/AI Navigation/2.0.9/Build And Connect NavMesh Surfaces/Scripts/ProjectSettingsUtilities/NavigationSampleInitializer.cs using Guid(4b4f798af8320134f8549651d7ea621a) Importer(2089858483,192608db42251d675da83286b1cce702) (ScriptedImporter) -> (artifact id: 'b04fefc626324b24b5b174917e168824') in 0.0035446 seconds
Number of updated asset objects reloaded before import = 0Number of asset objects unloaded after import = 0

========================================================================
Received Import Request.
  Time since last request: 0.000029 seconds.
  path: Assets/Samples/AI Navigation/2.0.9/Build And Connect NavMesh Surfaces/Scenes/7_dungeon/NavMesh-Tile6.asset
  artifactKey: Guid(8e345e5dcd92a024e8185275f40903bc) Importer(2089858483,192608db42251d675da83286b1cce702)
Start importing Assets/Samples/AI Navigation/2.0.9/Build And Connect NavMesh Surfaces/Scenes/7_dungeon/NavMesh-Tile6.asset using Guid(8e345e5dcd92a024e8185275f40903bc) Importer(2089858483,192608db42251d675da83286b1cce702) (ScriptedImporter) -> (artifact id: '897e905e1c12204a7f55ca71a8e747f1') in 0.006839 seconds
Number of updated asset objects reloaded before import = 0Number of asset objects unloaded after import = 1

========================================================================
Received Import Request.
  Time since last request: 0.000013 seconds.
  path: Assets/Samples/AI Navigation/2.0.9/Build And Connect NavMesh Surfaces/Scripts/AgentLinkMover.cs
  artifactKey: Guid(03bc8063c9e95401f9a8a38bc716750d) Importer(2089858483,192608db42251d675da83286b1cce702)
Start importing Assets/Samples/AI Navigation/2.0.9/Build And Connect NavMesh Surfaces/Scripts/AgentLinkMover.cs using Guid(03bc8063c9e95401f9a8a38bc716750d) Importer(2089858483,192608db42251d675da83286b1cce702) (ScriptedImporter) -> (artifact id: '6d4a0375b23f30c42932e60fd7beeb21') in 0.0039812 seconds
Number of updated asset objects reloaded before import = 0Number of asset objects unloaded after import = 0

========================================================================
Received Import Request.
  Time since last request: 0.000013 seconds.
  path: Assets/Samples/AI Navigation/2.0.9/Build And Connect NavMesh Surfaces/Scenes/8_heightmesh/NavMesh-Without-HeightMesh.asset
  artifactKey: Guid(c1760d40bfe7eb34e81b5ebcd8e6303f) Importer(2089858483,192608db42251d675da83286b1cce702)
Start importing Assets/Samples/AI Navigation/2.0.9/Build And Connect NavMesh Surfaces/Scenes/8_heightmesh/NavMesh-Without-HeightMesh.asset using Guid(c1760d40bfe7eb34e81b5ebcd8e6303f) Importer(2089858483,192608db42251d675da83286b1cce702) (ScriptedImporter) -> (artifact id: 'bd37c64c3425ae0ed38941e706a0ca45') in 0.0050186 seconds
Number of updated asset objects reloaded before import = 0Number of asset objects unloaded after import = 1

========================================================================
Received Import Request.
  Time since last request: 0.000015 seconds.
  path: Assets/Samples/AI Navigation/2.0.9/Build And Connect NavMesh Surfaces/Scenes/9_agent_cornering_control.unity
  artifactKey: Guid(a6b3c958edb4e4f6c9282ef136b4db2a) Importer(2089858483,192608db42251d675da83286b1cce702)
Start importing Assets/Samples/AI Navigation/2.0.9/Build And Connect NavMesh Surfaces/Scenes/9_agent_cornering_control.unity using Guid(a6b3c958edb4e4f6c9282ef136b4db2a) Importer(2089858483,192608db42251d675da83286b1cce702) (ScriptedImporter) -> (artifact id: 'bb8f072282f5440c8c9c77db487a1296') in 0.0059017 seconds
Number of updated asset objects reloaded before import = 0Number of asset objects unloaded after import = 1

========================================================================
Received Import Request.
  Time since last request: 0.000017 seconds.
  path: Assets/Samples/AI Navigation/2.0.9/Build And Connect NavMesh Surfaces/Terrains/layer_LightmapWithFog(2048.000,2048.000)(0.000,0.000)(0.000,0.000,0.000),0.000,0.000.terrainlayer
  artifactKey: Guid(9f4e51767bd6244418c3f1234ffeac48) Importer(2089858483,192608db42251d675da83286b1cce702)
Start importing Assets/Samples/AI Navigation/2.0.9/Build And Connect NavMesh Surfaces/Terrains/layer_LightmapWithFog(2048.000,2048.000)(0.000,0.000)(0.000,0.000,0.000),0.000,0.000.terrainlayer using Guid(9f4e51767bd6244418c3f1234ffeac48) Importer(2089858483,192608db42251d675da83286b1cce702) (ScriptedImporter) -> (artifact id: '7ee50a720cffa88b6952965b0f644a69') in 0.0110276 seconds
Number of updated asset objects reloaded before import = 0Number of asset objects unloaded after import = 2

========================================================================
Received Import Request.
  Time since last request: 0.056162 seconds.
  path: Assets/Script
  artifactKey: Guid(bd407a1ca3676be4f83bcae99950b3b4) Importer(815301076,1909f56bfc062723c751e8b465ee728b)
Start importing Assets/Script using Guid(bd407a1ca3676be4f83bcae99950b3b4) Importer(815301076,1909f56bfc062723c751e8b465ee728b) (PreviewImporter) -> (artifact id: 'c4c11f804f85000317a5d515454a5b02') in 0.0005952 seconds
Number of updated asset objects reloaded before import = 0Number of asset objects unloaded after import = 0

========================================================================
Received Prepare
Refreshing native plugins compatible for Editor in 1.24 ms, found 3 plugins.
Preloading 0 native plugins for Editor in 0.00 ms.
Unloading 13 Unused Serialized files (Serialized files now loaded: 0)
Unloading 6135 unused Assets / (5.2 MB). Loaded Objects now: 6846.
Memory consumption went from 137.4 MB to 132.3 MB.
Total: 12.419100 ms (FindLiveObjects: 0.669100 ms CreateObjectMapping: 0.676000 ms MarkObjects: 8.130200 ms  DeleteObjects: 2.942800 ms)

Prepare: number of updated asset objects reloaded= 0
========================================================================
Received Prepare
Begin MonoManager ReloadAssembly
- Loaded All Assemblies, in  0.853 seconds
Refreshing native plugins compatible for Editor in 1.32 ms, found 3 plugins.
Native extension for WindowsStandalone target not found
[Package Manager] Failed to launch server process. Reason: Unity was launched with the -noUpm command-line argument
[Package Manager] Unable to send message (not connected to server process).
[Package Manager] Cannot connect to Unity Package Manager local server
Mono: successfully reloaded assembly
- Finished resetting the current domain, in  0.769 seconds
Domain Reload Profiling: 1621ms
	BeginReloadAssembly (281ms)
		ExecutionOrderSort (0ms)
		DisableScriptedObjects (6ms)
		BackupInstance (0ms)
		ReleaseScriptingObjects (0ms)
		CreateAndSetChildDomain (99ms)
	RebuildCommonClasses (38ms)
	RebuildNativeTypeToScriptingClass (12ms)
	initialDomainReloadingComplete (34ms)
	LoadAllAssembliesAndSetupDomain (487ms)
		LoadAssemblies (384ms)
		RebuildTransferFunctionScriptingTraits (0ms)
		AnalyzeDomain (215ms)
			TypeCache.Refresh (10ms)
				TypeCache.ScanAssembly (0ms)
			BuildScriptInfoCaches (190ms)
			ResolveRequiredComponents (11ms)
	FinalizeReload (769ms)
		ReleaseScriptCaches (0ms)
		RebuildScriptCaches (0ms)
		SetupLoadedEditorAssemblies (594ms)
			LogAssemblyErrors (0ms)
			InitializePlatformSupportModulesInManaged (2ms)
			SetLoadedEditorAssemblies (5ms)
			BeforeProcessingInitializeOnLoad (164ms)
			ProcessInitializeOnLoadAttributes (364ms)
			ProcessInitializeOnLoadMethodAttributes (54ms)
			AfterProcessingInitializeOnLoad (5ms)
			EditorAssembliesLoaded (0ms)
		ExecutionOrderSort2 (0ms)
		AwakeInstancesAfterBackupRestoration (15ms)
Refreshing native plugins compatible for Editor in 1.21 ms, found 3 plugins.
Preloading 0 native plugins for Editor in 0.00 ms.
Unloading 13 Unused Serialized files (Serialized files now loaded: 0)
Unloading 6141 unused Assets / (5.0 MB). Loaded Objects now: 6862.
Memory consumption went from 142.7 MB to 137.8 MB.
Total: 10.827700 ms (FindLiveObjects: 0.976300 ms CreateObjectMapping: 1.023800 ms MarkObjects: 6.080200 ms  DeleteObjects: 2.746700 ms)

Prepare: number of updated asset objects reloaded= 0
========================================================================
Received Prepare
Refreshing native plugins compatible for Editor in 1.02 ms, found 3 plugins.
Preloading 0 native plugins for Editor in 0.00 ms.
Unloading 13 Unused Serialized files (Serialized files now loaded: 0)
Unloading 6133 unused Assets / (4.4 MB). Loaded Objects now: 6861.
Memory consumption went from 142.9 MB to 138.5 MB.
Total: 7.019900 ms (FindLiveObjects: 0.614300 ms CreateObjectMapping: 0.649000 ms MarkObjects: 4.071700 ms  DeleteObjects: 1.684200 ms)

Prepare: number of updated asset objects reloaded= 0
========================================================================
Received Prepare
Begin MonoManager ReloadAssembly
- Loaded All Assemblies, in  0.658 seconds
Refreshing native plugins compatible for Editor in 0.86 ms, found 3 plugins.
Native extension for WindowsStandalone target not found
[Package Manager] Failed to launch server process. Reason: Unity was launched with the -noUpm command-line argument
[Package Manager] Unable to send message (not connected to server process).
[Package Manager] Cannot connect to Unity Package Manager local server
Mono: successfully reloaded assembly
- Finished resetting the current domain, in  0.598 seconds
Domain Reload Profiling: 1258ms
	BeginReloadAssembly (195ms)
		ExecutionOrderSort (0ms)
		DisableScriptedObjects (6ms)
		BackupInstance (0ms)
		ReleaseScriptingObjects (0ms)
		CreateAndSetChildDomain (47ms)
	RebuildCommonClasses (29ms)
	RebuildNativeTypeToScriptingClass (10ms)
	initialDomainReloadingComplete (27ms)
	LoadAllAssembliesAndSetupDomain (398ms)
		LoadAssemblies (327ms)
		RebuildTransferFunctionScriptingTraits (0ms)
		AnalyzeDomain (160ms)
			TypeCache.Refresh (9ms)
				TypeCache.ScanAssembly (0ms)
			BuildScriptInfoCaches (137ms)
			ResolveRequiredComponents (10ms)
	FinalizeReload (599ms)
		ReleaseScriptCaches (0ms)
		RebuildScriptCaches (0ms)
		SetupLoadedEditorAssemblies (468ms)
			LogAssemblyErrors (0ms)
			InitializePlatformSupportModulesInManaged (2ms)
			SetLoadedEditorAssemblies (6ms)
			BeforeProcessingInitializeOnLoad (115ms)
			ProcessInitializeOnLoadAttributes (295ms)
			ProcessInitializeOnLoadMethodAttributes (45ms)
			AfterProcessingInitializeOnLoad (5ms)
			EditorAssembliesLoaded (0ms)
		ExecutionOrderSort2 (0ms)
		AwakeInstancesAfterBackupRestoration (15ms)
Refreshing native plugins compatible for Editor in 1.00 ms, found 3 plugins.
Preloading 0 native plugins for Editor in 0.00 ms.
Unloading 13 Unused Serialized files (Serialized files now loaded: 0)
Unloading 6140 unused Assets / (4.4 MB). Loaded Objects now: 6864.
Memory consumption went from 142.6 MB to 138.1 MB.
Total: 6.875400 ms (FindLiveObjects: 0.657200 ms CreateObjectMapping: 0.490400 ms MarkObjects: 4.106800 ms  DeleteObjects: 1.620200 ms)

Prepare: number of updated asset objects reloaded= 0
========================================================================
Received Import Request.
  Time since last request: 21.302959 seconds.
  path: Assets/Samples/AI Navigation/2.0.9/Build And Connect NavMesh Surfaces/Scenes/3_free_orientationSettings.lighting
  artifactKey: Guid(45a4ca14d5b84d947bcaf6225862d5d7) Importer(2089858483,192608db42251d675da83286b1cce702)
Start importing Assets/Samples/AI Navigation/2.0.9/Build And Connect NavMesh Surfaces/Scenes/3_free_orientationSettings.lighting using Guid(45a4ca14d5b84d947bcaf6225862d5d7) Importer(2089858483,192608db42251d675da83286b1cce702) (ScriptedImporter) -> (artifact id: '3cfa3b9eb6eaa1702b16b9b624d4f6a9') in 0.1432371 seconds
Number of updated asset objects reloaded before import = 0Number of asset objects unloaded after import = 1

========================================================================
Received Import Request.
  Time since last request: 0.000014 seconds.
  path: Assets/Samples/AI Navigation/2.0.9/Build And Connect NavMesh Surfaces/Scenes/2_drop_plank.unity
  artifactKey: Guid(d5440f69c97a641f19160f152dfb503f) Importer(2089858483,192608db42251d675da83286b1cce702)
Start importing Assets/Samples/AI Navigation/2.0.9/Build And Connect NavMesh Surfaces/Scenes/2_drop_plank.unity using Guid(d5440f69c97a641f19160f152dfb503f) Importer(2089858483,192608db42251d675da83286b1cce702) (ScriptedImporter) -> (artifact id: '2c0c8661b58a11380a1ffc261847db74') in 0.0081635 seconds
Number of updated asset objects reloaded before import = 0Number of asset objects unloaded after import = 1

========================================================================
Received Import Request.
  Time since last request: 0.000015 seconds.
  path: Assets/Samples/AI Navigation/2.0.9/Build And Connect NavMesh Surfaces/Prefabs/DungeonTiles/Tile12.prefab
  artifactKey: Guid(047629885d0f48940816dd33d83ca9d5) Importer(2089858483,192608db42251d675da83286b1cce702)
Start importing Assets/Samples/AI Navigation/2.0.9/Build And Connect NavMesh Surfaces/Prefabs/DungeonTiles/Tile12.prefab using Guid(047629885d0f48940816dd33d83ca9d5) Importer(2089858483,192608db42251d675da83286b1cce702) (ScriptedImporter) -> (artifact id: '2f9092d55c575cb2ac20e7c14e1339f6') in 0.0291731 seconds
Number of updated asset objects reloaded before import = 0Number of asset objects unloaded after import = 27

========================================================================
Received Import Request.
  Time since last request: 0.000024 seconds.
  path: Assets/Samples/AI Navigation/2.0.9/Build And Connect NavMesh Surfaces/Scenes/3_free_orientation.unity
  artifactKey: Guid(de3b928c3e7da4138bdb4cf0c0c43b2f) Importer(2089858483,192608db42251d675da83286b1cce702)
Start importing Assets/Samples/AI Navigation/2.0.9/Build And Connect NavMesh Surfaces/Scenes/3_free_orientation.unity using Guid(de3b928c3e7da4138bdb4cf0c0c43b2f) Importer(2089858483,192608db42251d675da83286b1cce702) (ScriptedImporter) -> (artifact id: '6f5b8e52d1ba0afab58c7031b7393a28') in 0.0044082 seconds
Number of updated asset objects reloaded before import = 0Number of asset objects unloaded after import = 1

========================================================================
Received Import Request.
  Time since last request: 0.000012 seconds.
  path: Assets/Samples/AI Navigation/2.0.9/Build And Connect NavMesh Surfaces/Scripts/NavigationLoop.cs
  artifactKey: Guid(7e11f36a144a248cbacbea0c8cf7803e) Importer(2089858483,192608db42251d675da83286b1cce702)
Start importing Assets/Samples/AI Navigation/2.0.9/Build And Connect NavMesh Surfaces/Scripts/NavigationLoop.cs using Guid(7e11f36a144a248cbacbea0c8cf7803e) Importer(2089858483,192608db42251d675da83286b1cce702) (ScriptedImporter) -> (artifact id: '4edb543bc1499fdb524fbb4c21fe4567') in 0.003849 seconds
Number of updated asset objects reloaded before import = 0Number of asset objects unloaded after import = 0

========================================================================
Received Import Request.
  Time since last request: 0.000013 seconds.
  path: Assets/Samples/AI Navigation/2.0.9/Build And Connect NavMesh Surfaces/Scenes/1_multiple_agent_sizes/NavMesh-Geometry 1.asset
  artifactKey: Guid(e3102e40dfee54ef4b9e05daad8492d3) Importer(2089858483,192608db42251d675da83286b1cce702)
Start importing Assets/Samples/AI Navigation/2.0.9/Build And Connect NavMesh Surfaces/Scenes/1_multiple_agent_sizes/NavMesh-Geometry 1.asset using Guid(e3102e40dfee54ef4b9e05daad8492d3) Importer(2089858483,192608db42251d675da83286b1cce702) (ScriptedImporter) -> (artifact id: 'f38204a2a7e95039506b548df6f8552e') in 0.0053978 seconds
Number of updated asset objects reloaded before import = 0Number of asset objects unloaded after import = 1

========================================================================
Received Import Request.
  Time since last request: 0.000012 seconds.
  path: Assets/Samples/AI Navigation/2.0.9/Build And Connect NavMesh Surfaces/Scenes/6_modify_mesh.unity
  artifactKey: Guid(01a58dc6a76c24f859a51e3de2203501) Importer(2089858483,192608db42251d675da83286b1cce702)
Start importing Assets/Samples/AI Navigation/2.0.9/Build And Connect NavMesh Surfaces/Scenes/6_modify_mesh.unity using Guid(01a58dc6a76c24f859a51e3de2203501) Importer(2089858483,192608db42251d675da83286b1cce702) (ScriptedImporter) -> (artifact id: 'cf498acd0ae2ed9ba2ec952584e8aabb') in 0.0046568 seconds
Number of updated asset objects reloaded before import = 0Number of asset objects unloaded after import = 1

========================================================================
Received Prepare
Refreshing native plugins compatible for Editor in 1.40 ms, found 3 plugins.
Preloading 0 native plugins for Editor in 0.00 ms.
Unloading 13 Unused Serialized files (Serialized files now loaded: 0)
Unloading 6134 unused Assets / (4.4 MB). Loaded Objects now: 6865.
Memory consumption went from 142.9 MB to 138.5 MB.
Total: 7.753900 ms (FindLiveObjects: 0.792100 ms CreateObjectMapping: 0.381300 ms MarkObjects: 4.670200 ms  DeleteObjects: 1.909500 ms)

Prepare: number of updated asset objects reloaded= 0
========================================================================
Received Prepare
Begin MonoManager ReloadAssembly
- Loaded All Assemblies, in  0.768 seconds
Refreshing native plugins compatible for Editor in 1.48 ms, found 3 plugins.
Native extension for WindowsStandalone target not found
[Package Manager] Failed to launch server process. Reason: Unity was launched with the -noUpm command-line argument
[Package Manager] Unable to send message (not connected to server process).
[Package Manager] Cannot connect to Unity Package Manager local server
Mono: successfully reloaded assembly
- Finished resetting the current domain, in  0.794 seconds
Domain Reload Profiling: 1562ms
	BeginReloadAssembly (238ms)
		ExecutionOrderSort (0ms)
		DisableScriptedObjects (6ms)
		BackupInstance (0ms)
		ReleaseScriptingObjects (0ms)
		CreateAndSetChildDomain (73ms)
	RebuildCommonClasses (39ms)
	RebuildNativeTypeToScriptingClass (17ms)
	initialDomainReloadingComplete (35ms)
	LoadAllAssembliesAndSetupDomain (439ms)
		LoadAssemblies (359ms)
		RebuildTransferFunctionScriptingTraits (0ms)
		AnalyzeDomain (175ms)
			TypeCache.Refresh (9ms)
				TypeCache.ScanAssembly (0ms)
			BuildScriptInfoCaches (150ms)
			ResolveRequiredComponents (11ms)
	FinalizeReload (794ms)
		ReleaseScriptCaches (0ms)
		RebuildScriptCaches (0ms)
		SetupLoadedEditorAssemblies (627ms)
			LogAssemblyErrors (0ms)
			InitializePlatformSupportModulesInManaged (1ms)
			SetLoadedEditorAssemblies (6ms)
			BeforeProcessingInitializeOnLoad (169ms)
			ProcessInitializeOnLoadAttributes (375ms)
			ProcessInitializeOnLoadMethodAttributes (66ms)
			AfterProcessingInitializeOnLoad (10ms)
			EditorAssembliesLoaded (0ms)
		ExecutionOrderSort2 (0ms)
		AwakeInstancesAfterBackupRestoration (22ms)
Refreshing native plugins compatible for Editor in 1.48 ms, found 3 plugins.
Preloading 0 native plugins for Editor in 0.00 ms.
Unloading 13 Unused Serialized files (Serialized files now loaded: 0)
Unloading 6141 unused Assets / (4.7 MB). Loaded Objects now: 6868.
Memory consumption went from 142.6 MB to 137.9 MB.
Total: 11.356500 ms (FindLiveObjects: 0.764400 ms CreateObjectMapping: 1.256900 ms MarkObjects: 5.954200 ms  DeleteObjects: 3.379800 ms)

Prepare: number of updated asset objects reloaded= 0
========================================================================
Received Prepare
Refreshing native plugins compatible for Editor in 1.63 ms, found 3 plugins.
Preloading 0 native plugins for Editor in 0.00 ms.
Unloading 13 Unused Serialized files (Serialized files now loaded: 0)
Unloading 6134 unused Assets / (3.4 MB). Loaded Objects now: 6868.
Memory consumption went from 142.8 MB to 139.4 MB.
Total: 17.870500 ms (FindLiveObjects: 1.680100 ms CreateObjectMapping: 1.712000 ms MarkObjects: 9.103300 ms  DeleteObjects: 5.373800 ms)

Prepare: number of updated asset objects reloaded= 0
========================================================================
Received Prepare
Begin MonoManager ReloadAssembly
[Licensing::Client] Successfully resolved entitlement details
- Loaded All Assemblies, in  0.815 seconds
Refreshing native plugins compatible for Editor in 1.27 ms, found 3 plugins.
Native extension for WindowsStandalone target not found
[Package Manager] Failed to launch server process. Reason: Unity was launched with the -noUpm command-line argument
[Package Manager] Unable to send message (not connected to server process).
[Package Manager] Cannot connect to Unity Package Manager local server
Mono: successfully reloaded assembly
- Finished resetting the current domain, in  0.786 seconds
Domain Reload Profiling: 1602ms
	BeginReloadAssembly (232ms)
		ExecutionOrderSort (0ms)
		DisableScriptedObjects (7ms)
		BackupInstance (0ms)
		ReleaseScriptingObjects (0ms)
		CreateAndSetChildDomain (62ms)
	RebuildCommonClasses (48ms)
	RebuildNativeTypeToScriptingClass (14ms)
	initialDomainReloadingComplete (28ms)
	LoadAllAssembliesAndSetupDomain (494ms)
		LoadAssemblies (383ms)
		RebuildTransferFunctionScriptingTraits (0ms)
		AnalyzeDomain (208ms)
			TypeCache.Refresh (12ms)
				TypeCache.ScanAssembly (0ms)
			BuildScriptInfoCaches (179ms)
			ResolveRequiredComponents (12ms)
	FinalizeReload (786ms)
		ReleaseScriptCaches (0ms)
		RebuildScriptCaches (0ms)
		SetupLoadedEditorAssemblies (613ms)
			LogAssemblyErrors (0ms)
			InitializePlatformSupportModulesInManaged (2ms)
			SetLoadedEditorAssemblies (6ms)
			BeforeProcessingInitializeOnLoad (169ms)
			ProcessInitializeOnLoadAttributes (369ms)
			ProcessInitializeOnLoadMethodAttributes (58ms)
			AfterProcessingInitializeOnLoad (8ms)
			EditorAssembliesLoaded (0ms)
		ExecutionOrderSort2 (0ms)
		AwakeInstancesAfterBackupRestoration (18ms)
Refreshing native plugins compatible for Editor in 1.47 ms, found 3 plugins.
Preloading 0 native plugins for Editor in 0.00 ms.
Unloading 13 Unused Serialized files (Serialized files now loaded: 0)
Unloading 6141 unused Assets / (5.1 MB). Loaded Objects now: 6871.
Memory consumption went from 142.6 MB to 137.6 MB.
Total: 10.526800 ms (FindLiveObjects: 1.054000 ms CreateObjectMapping: 0.547500 ms MarkObjects: 6.116000 ms  DeleteObjects: 2.807900 ms)

Prepare: number of updated asset objects reloaded= 0
========================================================================
Received Prepare
Begin MonoManager ReloadAssembly
- Loaded All Assemblies, in  0.735 seconds
Refreshing native plugins compatible for Editor in 0.84 ms, found 3 plugins.
Native extension for WindowsStandalone target not found
[Package Manager] Failed to launch server process. Reason: Unity was launched with the -noUpm command-line argument
[Package Manager] Unable to send message (not connected to server process).
[Package Manager] Cannot connect to Unity Package Manager local server
Mono: successfully reloaded assembly
- Finished resetting the current domain, in  0.671 seconds
Domain Reload Profiling: 1403ms
	BeginReloadAssembly (205ms)
		ExecutionOrderSort (0ms)
		DisableScriptedObjects (5ms)
		BackupInstance (0ms)
		ReleaseScriptingObjects (0ms)
		CreateAndSetChildDomain (53ms)
	RebuildCommonClasses (38ms)
	RebuildNativeTypeToScriptingClass (17ms)
	initialDomainReloadingComplete (34ms)
	LoadAllAssembliesAndSetupDomain (438ms)
		LoadAssemblies (342ms)
		RebuildTransferFunctionScriptingTraits (0ms)
		AnalyzeDomain (192ms)
			TypeCache.Refresh (8ms)
				TypeCache.ScanAssembly (0ms)
			BuildScriptInfoCaches (170ms)
			ResolveRequiredComponents (9ms)
	FinalizeReload (672ms)
		ReleaseScriptCaches (0ms)
		RebuildScriptCaches (0ms)
		SetupLoadedEditorAssemblies (525ms)
			LogAssemblyErrors (0ms)
			InitializePlatformSupportModulesInManaged (1ms)
			SetLoadedEditorAssemblies (4ms)
			BeforeProcessingInitializeOnLoad (133ms)
			ProcessInitializeOnLoadAttributes (318ms)
			ProcessInitializeOnLoadMethodAttributes (61ms)
			AfterProcessingInitializeOnLoad (7ms)
			EditorAssembliesLoaded (0ms)
		ExecutionOrderSort2 (0ms)
		AwakeInstancesAfterBackupRestoration (19ms)
Refreshing native plugins compatible for Editor in 1.53 ms, found 3 plugins.
Preloading 0 native plugins for Editor in 0.00 ms.
Unloading 13 Unused Serialized files (Serialized files now loaded: 0)
Unloading 6141 unused Assets / (4.5 MB). Loaded Objects now: 6874.
Memory consumption went from 142.7 MB to 138.2 MB.
Total: 8.882400 ms (FindLiveObjects: 0.855400 ms CreateObjectMapping: 0.453800 ms MarkObjects: 4.944200 ms  DeleteObjects: 2.628300 ms)

Prepare: number of updated asset objects reloaded= 0
Editor requested this worker to shutdown with reason: Scaling down because of idle timeout
AssetImportWorker is now disconnected from the server
Process exiting
Exiting without the bug reporter. Application will terminate with return code 0